Loading required package: bit

Attaching package: ‘bit’

The following object is masked from ‘package:data.table’:

    setattr

The following object is masked from ‘package:base’:

    xor

Attaching package bit64
package:bit64 (c) 2011-2017 Jens Oehlschlaegel
creators: integer64 runif64 seq :
coercion: as.integer64 as.vector as.logical as.integer as.double as.character as.bitstring
logical operator: ! & | xor != == < <= >= >
arithmetic operator: + - * / %/% %% ^
math: sign abs sqrt log log2 log10
math: floor ceiling trunc round
querying: is.integer64 is.vector [is.atomic} [length] format print str
values: is.na is.nan is.finite is.infinite
aggregation: any all min max range sum prod
cumulation: diff cummin cummax cumsum cumprod
access: length<- [ [<- [[ [[<-
combine: c rep cbind rbind as.data.frame
WARNING don't use as subscripts
WARNING semantics differ from integer
for more help type ?bit64

Attaching package: ‘bit64’

The following objects are masked from ‘package:base’:

    :, %in%, is.double, match, order, rank


Overall counts of Pfal positive samples:
                Pfal
species             0    1
  An. arabiensis  368    0
  An. funestus   1972   58
  An. gambiae    2859  128

Overall, 4.29% of An. gambiae and 2.86% of An. funestus were positive for P. falciparum respectively.


Sporozoite positivity split by round:
           species RND Pfal.total Pfal.rate Pvom.total Povm.rate    N
 1: An. arabiensis   1          0    0.0000          0    0.0000   80
 2: An. arabiensis   2          0    0.0000          0    0.0000   36
 3: An. arabiensis   3          0    0.0000          0    0.0000   61
 4: An. arabiensis   4          0    0.0000          0    0.0000  117
 5: An. arabiensis   5          0    0.0000          0    0.0000   74
 6:   An. coluzzii   2          0    0.0000          0    0.0000    1
 7:   An. funestus   1         15    0.0347          6    0.0139  432
 8:   An. funestus   2          5    0.0258          1    0.0052  194
 9:   An. funestus   3          6    0.0240          4    0.0160  250
10:   An. funestus   4         15    0.0209          0    0.0000  719
11:   An. funestus   5         17    0.0391          3    0.0069  435
12:    An. gambiae   1         72    0.0561         16    0.0125 1284
13:    An. gambiae   2          8    0.0419          1    0.0052  191
14:    An. gambiae   3          6    0.0136          2    0.0045  441
15:    An. gambiae   4          9    0.0352          1    0.0039  256
16:    An. gambiae   5         33    0.0405          4    0.0049  815
17:    An. leesoni   3          0    0.0000          0    0.0000    2
18:    An. leesoni   5          0    0.0000          0    0.0000    2
19:   An. moucheti   4          0    0.0000          0    0.0000    1
20:   An. parensis   1          0    0.0000          0    0.0000    1
21:   An. parensis   2          0    0.0000          0    0.0000    1
22:   An. parensis   3          0    0.0000          0    0.0000    1
23:  An. rivulorum   5          0    0.0000          0    0.0000    1
24:         An. sp   5          0    0.0000          0    0.0000    1
           species RND Pfal.total Pfal.rate Pvom.total Povm.rate    N
Warning messages:
1: In (function (x, n, p = NULL, alternative = c("two.sided", "less",  :
  Chi-squared approximation may be incorrect
2: In (function (x, n, p = NULL, alternative = c("two.sided", "less",  :
  Chi-squared approximation may be incorrect
3: In (function (x, n, p = NULL, alternative = c("two.sided", "less",  :
  Chi-squared approximation may be incorrect
4: In (function (x, n, p = NULL, alternative = c("two.sided", "less",  :
  Chi-squared approximation may be incorrect
pdf 
  2 

  ##############################################
  # Model1: Pfal ~ RND + LLIN.actual + (1|HSD) #
  ##############################################

	gambiae + funestus:
Single term deletions

Model:
Pfal ~ RND + LLIN.actual + species + (1 | HSD)
            Df    AIC    LRT Pr(>Chi)  
<none>         1579.8                  
RND          1 1580.4 2.6688  0.10233  
LLIN.actual  1 1578.3 0.5750  0.44827  
species      1 1581.6 3.8124  0.05088 .
---
Signif. codes:  0 ‘***’ 0.001 ‘**’ 0.01 ‘*’ 0.05 ‘.’ 0.1 ‘ ’ 1

Conditional model:
        (Intercept)                  RND  LLIN.actualPBO LLIN  
           -3.37428             -0.08253              0.15972  
 speciesAn. gambiae  
            0.33139  

	gambiae alone:
Single term deletions

Model:
Pfal ~ RND + LLIN.actual + (1 | HSD)
            Df    AIC    LRT Pr(>Chi)  
<none>         1055.0                  
RND          1 1056.2 3.1597  0.07548 .
LLIN.actual  1 1054.2 1.1701  0.27938  
---
Signif. codes:  0 ‘***’ 0.001 ‘**’ 0.01 ‘*’ 0.05 ‘.’ 0.1 ‘ ’ 1

Conditional model:
        (Intercept)                  RND  LLIN.actualPBO LLIN  
            -3.0203              -0.1071               0.2593  

	funestus alone:
Single term deletions

Model:
Pfal ~ RND + LLIN.actual + (1 | HSD)
            Df    AIC      LRT Pr(>Chi)
<none>         532.39                  
RND          1 530.41 0.019477   0.8890
LLIN.actual  1 530.67 0.271268   0.6025

Conditional model:
        (Intercept)                  RND  LLIN.actualPBO LLIN  
           -3.50951              0.01343             -0.17202  

  #############################################
  # Model2: OVM ~ RND + LLIN.actual + (1|HSD) #
  #############################################

	gambiae + funestus:
Single term deletions

Model:
OVM ~ RND + LLIN.actual + species + (1 | HSD)
            Df    AIC    LRT Pr(>Chi)   
<none>         441.37                   
RND          1 448.81 9.4436 0.002119 **
LLIN.actual  1 444.57 5.2032 0.022546 * 
species      1 439.40 0.0301 0.862152   
---
Signif. codes:  0 ‘***’ 0.001 ‘**’ 0.01 ‘*’ 0.05 ‘.’ 0.1 ‘ ’ 1

Conditional model:
        (Intercept)                  RND  LLIN.actualPBO LLIN  
           -3.68484             -0.35727             -0.92508  
 speciesAn. gambiae  
           -0.06098  

	gambiae alone:
Single term deletions

Model:
OVM ~ RND + LLIN.actual + (1 | HSD)
            Df    AIC    LRT Pr(>Chi)  
<none>         281.34                  
RND          1 285.12 5.7807   0.0162 *
LLIN.actual  1 280.85 1.5075   0.2195  
---
Signif. codes:  0 ‘***’ 0.001 ‘**’ 0.01 ‘*’ 0.05 ‘.’ 0.1 ‘ ’ 1

Conditional model:
        (Intercept)                  RND  LLIN.actualPBO LLIN  
            -3.8355              -0.3357              -0.5479  

	funestus alone:
Single term deletions

Model:
OVM ~ RND + LLIN.actual + (1 | HSD)
            Df    AIC    LRT Pr(>Chi)  
<none>         162.94                  
RND          1 162.35 1.4086  0.23528  
LLIN.actual  1 164.94 3.9901  0.04577 *
---
Signif. codes:  0 ‘***’ 0.001 ‘**’ 0.01 ‘*’ 0.05 ‘.’ 0.1 ‘ ’ 1

Conditional model:
        (Intercept)                  RND  LLIN.actualPBO LLIN  
            -4.1652              -0.2463              -1.6821  

  ##############################################
  # Model3: Pfal ~ RND * LLIN.actual + (1|HSD) #
  ##############################################

	gambiae + funestus:
Single term deletions

Model:
Pfal ~ RND * LLIN.actual + species + (1 | HSD)
                Df    AIC    LRT Pr(>Chi)  
<none>             1581.7                  
species          1 1583.6 3.8782  0.04892 *
RND:LLIN.actual  1 1579.8 0.0707  0.79026  
---
Signif. codes:  0 ‘***’ 0.001 ‘**’ 0.01 ‘*’ 0.05 ‘.’ 0.1 ‘ ’ 1

Conditional model:
            (Intercept)                      RND      LLIN.actualPBO LLIN  
               -3.34071                 -0.09534                  0.09355  
     speciesAn. gambiae  RND:LLIN.actualPBO LLIN  
                0.33586                  0.02654  

	gambiae alone:
Single term deletions

Model:
Pfal ~ RND * LLIN.actual + (1 | HSD)
                Df  AIC    LRT Pr(>Chi)
<none>             1056                
RND:LLIN.actual  1 1055 1.0581   0.3037

Conditional model:
            (Intercept)                      RND      LLIN.actualPBO LLIN  
               -2.86396                 -0.16515                 -0.01947  
RND:LLIN.actualPBO LLIN  
                0.12383  

	funestus alone:
Single term deletions

Model:
Pfal ~ RND * LLIN.actual + (1 | HSD)
                Df    AIC     LRT Pr(>Chi)
<none>             534.07                 
RND:LLIN.actual  1 532.39 0.32671   0.5676

Conditional model:
            (Intercept)                      RND      LLIN.actualPBO LLIN  
               -3.67478                  0.06441                  0.16762  
RND:LLIN.actualPBO LLIN  
               -0.10950  

  #############################################
  # Model4: OVM ~ RND * LLIN.actual + (1|HSD) #
  #############################################

	gambiae + funestus:
Single term deletions

Model:
OVM ~ RND * LLIN.actual + species + (1 | HSD)
                Df    AIC     LRT Pr(>Chi)
<none>             442.77                 
species          1 440.78 0.00908   0.9241
RND:LLIN.actual  1 441.37 0.59315   0.4412

Conditional model:
            (Intercept)                      RND      LLIN.actualPBO LLIN  
               -3.57562                 -0.41027                 -1.31671  
     speciesAn. gambiae  RND:LLIN.actualPBO LLIN  
               -0.03365                  0.20084  

	gambiae alone:
Single term deletions

Model:
OVM ~ RND * LLIN.actual + (1 | HSD)
                Df    AIC     LRT Pr(>Chi)
<none>             282.49                 
RND:LLIN.actual  1 281.34 0.84839    0.357

Conditional model:
            (Intercept)                      RND      LLIN.actualPBO LLIN  
                -3.6547                  -0.4173                  -1.0598  
RND:LLIN.actualPBO LLIN  
                 0.2930  

	funestus alone:
Single term deletions

Model:
OVM ~ RND * LLIN.actual + (1 | HSD)
                Df    AIC     LRT Pr(>Chi)
<none>             164.58                 
RND:LLIN.actual  1 162.94 0.36689   0.5447

Conditional model:
            (Intercept)                      RND      LLIN.actualPBO LLIN  
                -4.0114                  -0.3049                  -2.4864  
RND:LLIN.actualPBO LLIN  
                 0.3026  

  #####################################################################
  # Fisher tests of association of P. falciparum with genetic markers #
  #####################################################################

	Cyp6p4
      Pfal
Cyp6p4    0    1
    II   35    0
    IM  473   20
    MM 2295  103

	Fisher's Exact Test for Count Data

data:  Cyp6p4 and Pfal
p-value = 0.6284
alternative hypothesis: two.sided


	Coeae1d
       Pfal
Coeae1d    0    1
     RR  819   35
     SR 1372   63
     SS  621   26

	Fisher's Exact Test for Count Data

data:  Coeae1d and Pfal
p-value = 0.9414
alternative hypothesis: two.sided


	Cyp4j5
      Pfal
Cyp4j5    0    1
    FF 1211   53
    LF 1039   49
    LL  537   20

	Fisher's Exact Test for Count Data

data:  Cyp4j5 and Pfal
p-value = 0.7075
alternative hypothesis: two.sided


	kdr
    Pfal
kdr     0    1
  FF   48    2
  FL    1    0
  FS  365   18
  LL    3    0
  LS   17    2
  SS 2382  102

	Fisher's Exact Test for Count Data

data:  kdr and Pfal
p-value = 0.4701
alternative hypothesis: two.sided


	2La
    Pfal
X2La    0    1
  ++ 1174   50
  +a  950   47
  aa  537   22

	Fisher's Exact Test for Count Data

data:  X2La and Pfal
p-value = 0.7147
alternative hypothesis: two.sided


  #######################################################################
  # Fisher tests of association of other Plasmodia with genetic markers #
  #######################################################################

	Cyp6p4
      OVM
Cyp6p4    0    1
    II   35    0
    IM  488    5
    MM 2379   19

	Fisher's Exact Test for Count Data

data:  Cyp6p4 and OVM
p-value = 0.6912
alternative hypothesis: two.sided


	Coeae1d
       OVM
Coeae1d    0    1
     RR  845    9
     SR 1425   10
     SS  642    5

	Fisher's Exact Test for Count Data

data:  Coeae1d and OVM
p-value = 0.619
alternative hypothesis: two.sided


	Cyp4j5
      OVM
Cyp4j5    0    1
    FF 1258    6
    LF 1078   10
    LL  550    7

	Fisher's Exact Test for Count Data

data:  Cyp4j5 and OVM
p-value = 0.1617
alternative hypothesis: two.sided


	kdr
    OVM
kdr     0    1
  FF   49    1
  FL    1    0
  FS  379    4
  LL    3    0
  LS   19    0
  SS 2465   19

	Fisher's Exact Test for Count Data

data:  kdr and OVM
p-value = 0.4141
alternative hypothesis: two.sided


	2La
    OVM
X2La    0    1
  ++ 1215    9
  +a  989    8
  aa  552    7

	Fisher's Exact Test for Count Data

data:  X2La and OVM
p-value = 0.5346
alternative hypothesis: two.sided

pdf 
  2 
pdf 
  2 
pdf 
  2 
pdf 
  2 
pdf 
  2 
